{"C:\\dev\\Clarity\\src\\app.ts": {"path":"C:\\dev\\Clarity\\src\\app.ts","statementMap":{"0":{"start":{"line":1,"column":0},"end":{"line":1,"column":30}},"1":{"start":{"line":2,"column":0},"end":{"line":2,"column":28}},"2":{"start":{"line":3,"column":0},"end":{"line":3,"column":30}},"3":{"start":{"line":4,"column":0},"end":{"line":4,"column":57}},"4":{"start":{"line":5,"column":0},"end":{"line":5,"column":53}},"5":{"start":{"line":7,"column":12},"end":{"line":7,"column":21}},"6":{"start":{"line":9,"column":0},"end":{"line":9,"column":18}},"7":{"start":{"line":10,"column":0},"end":{"line":10,"column":24}},"8":{"start":{"line":12,"column":0},"end":{"line":12,"column":45}},"9":{"start":{"line":14,"column":0},"end":{"line":14,"column":22}},"10":{"start":{"line":16,"column":0},"end":{"line":20,"column":1}},"11":{"start":{"line":17,"column":2},"end":{"line":19,"column":5}},"12":{"start":{"line":18,"column":4},"end":{"line":18,"column":57}},"13":{"start":{"line":22,"column":0},"end":{"line":22,"column":19}}},"fnMap":{"0":{"name":"(anonymous_1)","decl":{"start":{"line":17,"column":26},"end":{"line":17,"column":29}},"loc":{"start":{"line":17,"column":31},"end":{"line":19,"column":3}}}},"branchMap":{"0":{"loc":{"start":{"line":16,"column":0},"end":{"line":20,"column":1}},"type":"if","locations":[{"start":{"line":16,"column":0},"end":{"line":20,"column":1}}]}},"s":{"0":1,"1":1,"2":1,"3":1,"4":1,"5":1,"6":1,"7":1,"8":1,"9":1,"10":1,"11":0,"12":0,"13":1},"f":{"0":0},"b":{"0":[0]}}
,"C:\\dev\\Clarity\\src\\api\\routes\\employeeRouter.ts": {"path":"C:\\dev\\Clarity\\src\\api\\routes\\employeeRouter.ts","statementMap":{"0":{"start":{"line":1,"column":0},"end":{"line":1,"column":30}},"1":{"start":{"line":2,"column":0},"end":{"line":2,"column":75}},"2":{"start":{"line":4,"column":15},"end":{"line":4,"column":31}},"3":{"start":{"line":6,"column":0},"end":{"line":6,"column":52}},"4":{"start":{"line":7,"column":0},"end":{"line":7,"column":55}},"5":{"start":{"line":8,"column":0},"end":{"line":8,"column":52}},"6":{"start":{"line":9,"column":0},"end":{"line":9,"column":54}},"7":{"start":{"line":10,"column":0},"end":{"line":10,"column":57}},"8":{"start":{"line":12,"column":0},"end":{"line":12,"column":22}}},"fnMap":{},"branchMap":{},"s":{"0":1,"1":1,"2":1,"3":1,"4":1,"5":1,"6":1,"7":1,"8":1},"f":{},"b":{}}
,"C:\\dev\\Clarity\\src\\config\\index.ts": {"path":"C:\\dev\\Clarity\\src\\config\\index.ts","statementMap":{"0":{"start":{"line":1,"column":0},"end":{"line":4,"column":2}}},"fnMap":{},"branchMap":{"0":{"loc":{"start":{"line":2,"column":8},"end":{"line":2,"column":32}},"type":"binary-expr","locations":[{"start":{"line":2,"column":8},"end":{"line":2,"column":24}},{"start":{"line":2,"column":28},"end":{"line":2,"column":32}}]},"1":{"loc":{"start":{"line":3,"column":11},"end":{"line":3,"column":48}},"type":"binary-expr","locations":[{"start":{"line":3,"column":11},"end":{"line":3,"column":31}},{"start":{"line":3,"column":35},"end":{"line":3,"column":48}}]}},"s":{"0":2},"f":{},"b":{"0":[2,2],"1":[2,0]}}
,"C:\\dev\\Clarity\\src\\controllers\\employeeController.ts": {"path":"C:\\dev\\Clarity\\src\\controllers\\employeeController.ts","statementMap":{"0":{"start":{"line":2,"column":0},"end":{"line":2,"column":63}},"1":{"start":{"line":4,"column":31},"end":{"line":12,"column":1}},"2":{"start":{"line":6,"column":2},"end":{"line":11,"column":3}},"3":{"start":{"line":7,"column":22},"end":{"line":7,"column":55}},"4":{"start":{"line":8,"column":4},"end":{"line":8,"column":24}},"5":{"start":{"line":10,"column":4},"end":{"line":10,"column":16}},"6":{"start":{"line":4,"column":13},"end":{"line":4,"column":31}},"7":{"start":{"line":14,"column":31},"end":{"line":22,"column":1}},"8":{"start":{"line":15,"column":2},"end":{"line":21,"column":3}},"9":{"start":{"line":16,"column":21},"end":{"line":16,"column":77}},"10":{"start":{"line":17,"column":4},"end":{"line":17,"column":82}},"11":{"start":{"line":17,"column":19},"end":{"line":17,"column":82}},"12":{"start":{"line":18,"column":4},"end":{"line":18,"column":23}},"13":{"start":{"line":20,"column":4},"end":{"line":20,"column":16}},"14":{"start":{"line":14,"column":13},"end":{"line":14,"column":31}},"15":{"start":{"line":24,"column":30},"end":{"line":34,"column":1}},"16":{"start":{"line":25,"column":2},"end":{"line":33,"column":3}},"17":{"start":{"line":26,"column":31},"end":{"line":26,"column":39}},"18":{"start":{"line":27,"column":4},"end":{"line":27,"column":103}},"19":{"start":{"line":27,"column":28},"end":{"line":27,"column":103}},"20":{"start":{"line":29,"column":24},"end":{"line":29,"column":70}},"21":{"start":{"line":30,"column":4},"end":{"line":30,"column":38}},"22":{"start":{"line":32,"column":4},"end":{"line":32,"column":16}},"23":{"start":{"line":24,"column":13},"end":{"line":24,"column":30}},"24":{"start":{"line":36,"column":30},"end":{"line":45,"column":1}},"25":{"start":{"line":37,"column":2},"end":{"line":44,"column":3}},"26":{"start":{"line":38,"column":31},"end":{"line":38,"column":39}},"27":{"start":{"line":39,"column":28},"end":{"line":39,"column":99}},"28":{"start":{"line":40,"column":4},"end":{"line":40,"column":89}},"29":{"start":{"line":40,"column":26},"end":{"line":40,"column":89}},"30":{"start":{"line":41,"column":4},"end":{"line":41,"column":30}},"31":{"start":{"line":43,"column":4},"end":{"line":43,"column":16}},"32":{"start":{"line":36,"column":13},"end":{"line":36,"column":30}},"33":{"start":{"line":47,"column":30},"end":{"line":55,"column":1}},"34":{"start":{"line":48,"column":2},"end":{"line":54,"column":3}},"35":{"start":{"line":49,"column":20},"end":{"line":49,"column":75}},"36":{"start":{"line":50,"column":4},"end":{"line":50,"column":81}},"37":{"start":{"line":50,"column":18},"end":{"line":50,"column":81}},"38":{"start":{"line":51,"column":4},"end":{"line":51,"column":27}},"39":{"start":{"line":53,"column":4},"end":{"line":53,"column":16}},"40":{"start":{"line":47,"column":13},"end":{"line":47,"column":30}}},"fnMap":{"0":{"name":"(anonymous_6)","decl":{"start":{"line":4,"column":31},"end":{"line":4,"column":32}},"loc":{"start":{"line":4,"column":83},"end":{"line":12,"column":1}}},"1":{"name":"(anonymous_7)","decl":{"start":{"line":14,"column":31},"end":{"line":14,"column":32}},"loc":{"start":{"line":14,"column":83},"end":{"line":22,"column":1}}},"2":{"name":"(anonymous_8)","decl":{"start":{"line":24,"column":30},"end":{"line":24,"column":31}},"loc":{"start":{"line":24,"column":82},"end":{"line":34,"column":1}}},"3":{"name":"(anonymous_9)","decl":{"start":{"line":36,"column":30},"end":{"line":36,"column":31}},"loc":{"start":{"line":36,"column":82},"end":{"line":45,"column":1}}},"4":{"name":"(anonymous_10)","decl":{"start":{"line":47,"column":30},"end":{"line":47,"column":31}},"loc":{"start":{"line":47,"column":82},"end":{"line":55,"column":1}}}},"branchMap":{"0":{"loc":{"start":{"line":17,"column":4},"end":{"line":17,"column":82}},"type":"if","locations":[{"start":{"line":17,"column":4},"end":{"line":17,"column":82}}]},"1":{"loc":{"start":{"line":27,"column":4},"end":{"line":27,"column":103}},"type":"if","locations":[{"start":{"line":27,"column":4},"end":{"line":27,"column":103}}]},"2":{"loc":{"start":{"line":27,"column":8},"end":{"line":27,"column":26}},"type":"binary-expr","locations":[{"start":{"line":27,"column":8},"end":{"line":27,"column":13}},{"start":{"line":27,"column":17},"end":{"line":27,"column":26}}]},"3":{"loc":{"start":{"line":40,"column":4},"end":{"line":40,"column":89}},"type":"if","locations":[{"start":{"line":40,"column":4},"end":{"line":40,"column":89}}]},"4":{"loc":{"start":{"line":50,"column":4},"end":{"line":50,"column":81}},"type":"if","locations":[{"start":{"line":50,"column":4},"end":{"line":50,"column":81}}]}},"s":{"0":1,"1":1,"2":1,"3":1,"4":1,"5":0,"6":1,"7":1,"8":3,"9":3,"10":3,"11":2,"12":1,"13":0,"14":1,"15":1,"16":6,"17":6,"18":6,"19":0,"20":6,"21":6,"22":0,"23":1,"24":1,"25":1,"26":1,"27":1,"28":1,"29":0,"30":1,"31":0,"32":1,"33":1,"34":1,"35":1,"36":1,"37":0,"38":1,"39":0,"40":1},"f":{"0":1,"1":3,"2":6,"3":1,"4":1},"b":{"0":[2],"1":[0],"2":[6,6],"3":[0],"4":[0]}}
,"C:\\dev\\Clarity\\src\\data\\mockEmployees.ts": {"path":"C:\\dev\\Clarity\\src\\data\\mockEmployees.ts","statementMap":{"0":{"start":{"line":3,"column":34},"end":{"line":9,"column":2}},"1":{"start":{"line":11,"column":0},"end":{"line":11,"column":29}}},"fnMap":{},"branchMap":{},"s":{"0":2,"1":2},"f":{},"b":{}}
,"C:\\dev\\Clarity\\src\\middleware\\errorHandler.ts": {"path":"C:\\dev\\Clarity\\src\\middleware\\errorHandler.ts","statementMap":{"0":{"start":{"line":2,"column":0},"end":{"line":2,"column":31}},"1":{"start":{"line":4,"column":21},"end":{"line":11,"column":1}},"2":{"start":{"line":5,"column":2},"end":{"line":5,"column":27}},"3":{"start":{"line":7,"column":21},"end":{"line":7,"column":24}},"4":{"start":{"line":8,"column":18},"end":{"line":8,"column":85}},"5":{"start":{"line":10,"column":2},"end":{"line":10,"column":43}},"6":{"start":{"line":13,"column":0},"end":{"line":13,"column":28}}},"fnMap":{"0":{"name":"(anonymous_1)","decl":{"start":{"line":4,"column":21},"end":{"line":4,"column":22}},"loc":{"start":{"line":4,"column":85},"end":{"line":11,"column":1}}}},"branchMap":{"0":{"loc":{"start":{"line":8,"column":18},"end":{"line":8,"column":85}},"type":"cond-expr","locations":[{"start":{"line":8,"column":52},"end":{"line":8,"column":71}},{"start":{"line":8,"column":74},"end":{"line":8,"column":85}}]}},"s":{"0":2,"1":2,"2":3,"3":3,"4":3,"5":3,"6":2},"f":{"0":3},"b":{"0":[0,3]}}
,"C:\\dev\\Clarity\\src\\services\\employeeService.ts": {"path":"C:\\dev\\Clarity\\src\\services\\employeeService.ts","statementMap":{"0":{"start":{"line":2,"column":0},"end":{"line":2,"column":50}},"1":{"start":{"line":4,"column":28},"end":{"line":4,"column":46}},"2":{"start":{"line":5,"column":13},"end":{"line":5,"column":33}},"3":{"start":{"line":7,"column":31},"end":{"line":9,"column":1}},"4":{"start":{"line":8,"column":2},"end":{"line":8,"column":19}},"5":{"start":{"line":7,"column":13},"end":{"line":7,"column":31}},"6":{"start":{"line":11,"column":31},"end":{"line":13,"column":1}},"7":{"start":{"line":12,"column":2},"end":{"line":12,"column":42}},"8":{"start":{"line":12,"column":29},"end":{"line":12,"column":40}},"9":{"start":{"line":11,"column":13},"end":{"line":11,"column":31}},"10":{"start":{"line":15,"column":30},"end":{"line":19,"column":1}},"11":{"start":{"line":16,"column":32},"end":{"line":16,"column":64}},"12":{"start":{"line":17,"column":2},"end":{"line":17,"column":30}},"13":{"start":{"line":18,"column":2},"end":{"line":18,"column":21}},"14":{"start":{"line":15,"column":13},"end":{"line":15,"column":30}},"15":{"start":{"line":21,"column":30},"end":{"line":29,"column":1}},"16":{"start":{"line":22,"column":19},"end":{"line":22,"column":51}},"17":{"start":{"line":22,"column":39},"end":{"line":22,"column":50}},"18":{"start":{"line":23,"column":2},"end":{"line":23,"column":29}},"19":{"start":{"line":23,"column":17},"end":{"line":23,"column":29}},"20":{"start":{"line":25,"column":2},"end":{"line":25,"column":33}},"21":{"start":{"line":25,"column":12},"end":{"line":25,"column":33}},"22":{"start":{"line":26,"column":2},"end":{"line":26,"column":45}},"23":{"start":{"line":26,"column":16},"end":{"line":26,"column":45}},"24":{"start":{"line":28,"column":2},"end":{"line":28,"column":18}},"25":{"start":{"line":21,"column":13},"end":{"line":21,"column":30}},"26":{"start":{"line":31,"column":30},"end":{"line":37,"column":1}},"27":{"start":{"line":32,"column":16},"end":{"line":32,"column":53}},"28":{"start":{"line":32,"column":41},"end":{"line":32,"column":52}},"29":{"start":{"line":33,"column":2},"end":{"line":33,"column":33}},"30":{"start":{"line":33,"column":20},"end":{"line":33,"column":33}},"31":{"start":{"line":35,"column":2},"end":{"line":35,"column":29}},"32":{"start":{"line":36,"column":2},"end":{"line":36,"column":14}},"33":{"start":{"line":31,"column":13},"end":{"line":31,"column":30}}},"fnMap":{"0":{"name":"(anonymous_1)","decl":{"start":{"line":7,"column":31},"end":{"line":7,"column":46}},"loc":{"start":{"line":7,"column":48},"end":{"line":9,"column":1}}},"1":{"name":"(anonymous_2)","decl":{"start":{"line":11,"column":31},"end":{"line":11,"column":32}},"loc":{"start":{"line":11,"column":68},"end":{"line":13,"column":1}}},"2":{"name":"(anonymous_3)","decl":{"start":{"line":12,"column":24},"end":{"line":12,"column":25}},"loc":{"start":{"line":12,"column":29},"end":{"line":12,"column":40}}},"3":{"name":"(anonymous_4)","decl":{"start":{"line":15,"column":30},"end":{"line":15,"column":31}},"loc":{"start":{"line":15,"column":75},"end":{"line":19,"column":1}}},"4":{"name":"(anonymous_5)","decl":{"start":{"line":21,"column":30},"end":{"line":21,"column":31}},"loc":{"start":{"line":21,"column":96},"end":{"line":29,"column":1}}},"5":{"name":"(anonymous_6)","decl":{"start":{"line":22,"column":34},"end":{"line":22,"column":35}},"loc":{"start":{"line":22,"column":39},"end":{"line":22,"column":50}}},"6":{"name":"(anonymous_7)","decl":{"start":{"line":31,"column":30},"end":{"line":31,"column":31}},"loc":{"start":{"line":31,"column":54},"end":{"line":37,"column":1}}},"7":{"name":"(anonymous_8)","decl":{"start":{"line":32,"column":36},"end":{"line":32,"column":37}},"loc":{"start":{"line":32,"column":41},"end":{"line":32,"column":52}}}},"branchMap":{"0":{"loc":{"start":{"line":23,"column":2},"end":{"line":23,"column":29}},"type":"if","locations":[{"start":{"line":23,"column":2},"end":{"line":23,"column":29}}]},"1":{"loc":{"start":{"line":25,"column":2},"end":{"line":25,"column":33}},"type":"if","locations":[{"start":{"line":25,"column":2},"end":{"line":25,"column":33}}]},"2":{"loc":{"start":{"line":26,"column":2},"end":{"line":26,"column":45}},"type":"if","locations":[{"start":{"line":26,"column":2},"end":{"line":26,"column":45}}]},"3":{"loc":{"start":{"line":33,"column":2},"end":{"line":33,"column":33}},"type":"if","locations":[{"start":{"line":33,"column":2},"end":{"line":33,"column":33}}]}},"s":{"0":2,"1":2,"2":2,"3":2,"4":5,"5":2,"6":2,"7":5,"8":31,"9":2,"10":2,"11":7,"12":7,"13":7,"14":2,"15":2,"16":3,"17":13,"18":3,"19":1,"20":2,"21":2,"22":2,"23":2,"24":2,"25":2,"26":2,"27":3,"28":12,"29":3,"30":1,"31":2,"32":2,"33":2},"f":{"0":5,"1":5,"2":31,"3":7,"4":3,"5":13,"6":3,"7":12},"b":{"0":[1],"1":[2],"2":[2],"3":[1]}}
}
