TN:
SF:src\app.ts
FN:17,(anonymous_1)
FNF:1
FNH:0
FNDA:0,(anonymous_1)
DA:1,1
DA:2,1
DA:3,1
DA:4,1
DA:5,1
DA:7,1
DA:9,1
DA:10,1
DA:12,1
DA:14,1
DA:16,1
DA:17,0
DA:18,0
DA:22,1
LF:14
LH:12
BRDA:16,0,0,0
BRF:1
BRH:0
end_of_record
TN:
SF:src\api\routes\employeeRouter.ts
FNF:0
FNH:0
DA:1,1
DA:2,1
DA:4,1
DA:6,1
DA:7,1
DA:8,1
DA:9,1
DA:10,1
DA:12,1
LF:9
LH:9
BRF:0
BRH:0
end_of_record
TN:
SF:src\config\index.ts
FNF:0
FNH:0
DA:1,2
LF:1
LH:1
BRDA:2,0,0,2
BRDA:2,0,1,2
BRDA:3,1,0,2
BRDA:3,1,1,0
BRF:4
BRH:3
end_of_record
TN:
SF:src\controllers\employeeController.ts
FN:4,(anonymous_6)
FN:14,(anonymous_7)
FN:24,(anonymous_8)
FN:36,(anonymous_9)
FN:47,(anonymous_10)
FNF:5
FNH:5
FNDA:1,(anonymous_6)
FNDA:3,(anonymous_7)
FNDA:6,(anonymous_8)
FNDA:1,(anonymous_9)
FNDA:1,(anonymous_10)
DA:2,1
DA:4,1
DA:6,1
DA:7,1
DA:8,1
DA:10,0
DA:14,1
DA:15,3
DA:16,3
DA:17,3
DA:18,1
DA:20,0
DA:24,1
DA:25,6
DA:26,6
DA:27,6
DA:29,6
DA:30,6
DA:32,0
DA:36,1
DA:37,1
DA:38,1
DA:39,1
DA:40,1
DA:41,1
DA:43,0
DA:47,1
DA:48,1
DA:49,1
DA:50,1
DA:51,1
DA:53,0
LF:32
LH:27
BRDA:17,0,0,2
BRDA:27,1,0,0
BRDA:27,2,0,6
BRDA:27,2,1,6
BRDA:40,3,0,0
BRDA:50,4,0,0
BRF:6
BRH:3
end_of_record
TN:
SF:src\data\mockEmployees.ts
FNF:0
FNH:0
DA:3,2
DA:11,2
LF:2
LH:2
BRF:0
BRH:0
end_of_record
TN:
SF:src\middleware\errorHandler.ts
FN:4,(anonymous_1)
FNF:1
FNH:1
FNDA:3,(anonymous_1)
DA:2,2
DA:4,2
DA:5,3
DA:7,3
DA:8,3
DA:10,3
DA:13,2
LF:7
LH:7
BRDA:8,0,0,0
BRDA:8,0,1,3
BRF:2
BRH:1
end_of_record
TN:
SF:src\services\employeeService.ts
FN:7,(anonymous_1)
FN:11,(anonymous_2)
FN:12,(anonymous_3)
FN:15,(anonymous_4)
FN:21,(anonymous_5)
FN:22,(anonymous_6)
FN:31,(anonymous_7)
FN:32,(anonymous_8)
FNF:8
FNH:8
FNDA:5,(anonymous_1)
FNDA:5,(anonymous_2)
FNDA:31,(anonymous_3)
FNDA:7,(anonymous_4)
FNDA:3,(anonymous_5)
FNDA:13,(anonymous_6)
FNDA:3,(anonymous_7)
FNDA:12,(anonymous_8)
DA:2,2
DA:4,2
DA:5,2
DA:7,2
DA:8,5
DA:11,2
DA:12,31
DA:15,2
DA:16,7
DA:17,7
DA:18,7
DA:21,2
DA:22,13
DA:23,3
DA:25,2
DA:26,2
DA:28,2
DA:31,2
DA:32,12
DA:33,3
DA:35,2
DA:36,2
LF:22
LH:22
BRDA:23,0,0,1
BRDA:25,1,0,2
BRDA:26,2,0,2
BRDA:33,3,0,1
BRF:4
BRH:4
end_of_record
